2019/10/23 21:44:25 [info] 1782#1158616 discovery started
2019/10/23 21:44:25 [notice] 1782#1158616 no modules matching: "modules/*.unit.so" found
2019/10/23 21:44:25 [notice] 1781#1158615 process 1782 exited with code 0
2019/10/23 21:44:25 [info] 1783#1158617 controller started
2019/10/23 21:44:25 [info] 1784#1158618 router started
2019/10/23 21:46:16 [info] 1793#1159443 discovery started
2019/10/23 21:46:16 [notice] 1793#1159443 no modules matching: "modules/*.unit.so" found
2019/10/23 21:46:16 [notice] 1792#1159441 process 1793 exited with code 0
2019/10/23 21:46:16 [info] 1794#1159444 controller started
2019/10/23 21:46:16 [info] 1795#1159445 router started
2019/10/24 13:22:12 [notice] 1781#1158615 process 1783 exited with code 0
2019/10/24 13:22:12 [notice] 1792#1159441 process 1794 exited with code 0
2019/10/24 13:22:12 [notice] 1781#1158615 process 1784 exited with code 0
2019/10/24 13:22:12 [notice] 1792#1159441 process 1795 exited with code 0
2019/10/24 13:22:12 [alert] 1792#1159441 unlink("unit.pid") failed (2: No such file or directory)
2019/10/24 13:22:50 [info] 11709#2422666 discovery started
2019/10/24 13:22:50 [notice] 11709#2422666 module: python 2.7.10 "./build/python.unit.so"
2019/10/24 13:22:50 [notice] 11708#2422664 process 11709 exited with code 0
2019/10/24 13:22:50 [info] 11710#2422673 controller started
2019/10/24 13:22:50 [info] 11711#2422674 router started
2019/10/24 13:23:13 [info] 11813#2423457 "flask_app" application started
ImportError: No module named site
2019/10/24 13:23:13 [notice] 11708#2422664 process 11813 exited with code 1
2019/10/24 13:23:13 [warn] 11711#2422674 failed to start application "flask_app"
2019/10/24 13:23:13 [alert] 11711#2422674 failed to apply new conf
